2026-03-23 17:05:15 | INFO     | prometheo.utils - Logging setup complete. Logging to: /home/vito/butskoc/projects/worldcereal/models/presto-prometheo-dualtask-SeasonalMultiTaskLoss-LC10-CT24-SouthernEurope-TwoSeasons-NoMeteoS2-month-augment=True-balance=True-timeexplicit=True-masking=enabled-noS2-noMETEO-run=202603231705/logs/presto-prometheo-dualtask-SeasonalMultiTaskLoss-LC10-CT24-SouthernEurope-TwoSeasons-NoMeteoS2-month-augment=True-balance=True-timeexplicit=True-masking=enabled-noS2-noMETEO-run=202603231705.log and console.
2026-03-23 17:05:15 | INFO     | __main__ - Generating train/val/test DataFrames from source parquet files.
2026-03-23 17:05:15 | INFO     | worldcereal.train.data - Reading dataset
2026-03-23 17:05:15 | INFO     | worldcereal.train.data - Using provided wide parquet output path: /home/vito/butskoc/projects/worldcereal/merged_319_wide.parquet
2026-03-23 17:05:15 | INFO     | worldcereal.train.data - Loading wide parquet file from /home/vito/butskoc/projects/worldcereal/merged_319_wide.parquet ...
2026-03-23 17:05:36 | INFO     | worldcereal.train.data - Region filter requested: ['Southern Europe']
2026-03-23 17:05:37 | INFO     | worldcereal.train.data - Enriching samples with region labels using administrative boundaries.
2026-03-23 17:05:39 | WARNING  | worldcereal.train.data - Region enrichment left 5 samples without a region assignment.
2026-03-23 17:05:40 | INFO     | worldcereal.train.data - Discarding samples based on: /home/vito/butskoc/projects/worldcereal/data/balanced_splits/ignore_split_h3l5.csv. 518982 samples will be removed from the dataset.
2026-03-23 17:05:48 | INFO     | worldcereal.train.data - Filtered dataset to 439390 samples in regions: ['Southern Europe']
2026-03-23 17:05:48 | INFO     | worldcereal.train.data - Controlled `train/val` vs `test` split based on: /home/vito/butskoc/projects/worldcereal/data/balanced_splits/test_split_h3l5.csv
2026-03-23 17:05:51 | INFO     | worldcereal.utils.refdata - Using 383883 train and 55507 val samples
2026-03-23 17:05:51 | INFO     | worldcereal.train.data - Controlled `train` vs `val` split based on: /home/vito/butskoc/projects/worldcereal/data/balanced_splits/val_split_h3l5.csv
2026-03-23 17:05:53 | INFO     | worldcereal.utils.refdata - Using 333454 train and 50429 val samples
2026-03-23 17:05:54 | INFO     | __main__ - Saving train, val, and test DataFrames to parquet files ...
2026-03-23 17:05:54 | WARNING  | __main__ - Dropping 1366 samples from train split with outlier categories <= 'drop_candidate'
2026-03-23 17:05:55 | WARNING  | __main__ - Dropping 374 samples from val split with outlier categories <= 'drop_candidate'
2026-03-23 17:05:55 | WARNING  | __main__ - Dropping 363 samples from test split with outlier categories <= 'drop_candidate'
2026-03-23 17:05:55 | WARNING  | __main__ - train: dropping 1 temporally invalid sample(s) before dataset creation.
2026-03-23 17:05:55 | WARNING  | __main__ - train: first invalid samples:
                                              sample_id  available_timesteps  valid_position
2020_ESP_ESYRCE_POLY_111_2020_ESP_ESYRCE_POLY_111146686                   18               0
2026-03-23 17:05:55 | WARNING  | __main__ - train: wrote rejected temporal samples to /home/vito/butskoc/projects/worldcereal/models/presto-prometheo-dualtask-SeasonalMultiTaskLoss-LC10-CT24-SouthernEurope-TwoSeasons-NoMeteoS2-month-augment=True-balance=True-timeexplicit=True-masking=enabled-noS2-noMETEO-run=202603231705/logs/invalid_temporal_samples_train.csv
2026-03-23 17:05:56 | INFO     | __main__ - Number of training samples: 332087
2026-03-23 17:05:56 | INFO     | __main__ - Number of validation samples: 50055
2026-03-23 17:05:56 | INFO     | __main__ - Number of test samples: 55144
2026-03-23 17:05:56 | INFO     | __main__ - train: no map-sampled ref_ids found; skipping LC quality hotfix.
2026-03-23 17:05:56 | INFO     | __main__ - val: no map-sampled ref_ids found; skipping LC quality hotfix.
2026-03-23 17:05:56 | INFO     | __main__ - test: no map-sampled ref_ids found; skipping LC quality hotfix.
2026-03-23 17:05:56 | WARNING  | __main__ - train: dropping 4541 samples with zero quality score in columns ['quality_score_lc', 'quality_score_ct'].
2026-03-23 17:05:56 | WARNING  | __main__ - val: dropping 1571 samples with zero quality score in columns ['quality_score_lc', 'quality_score_ct'].
2026-03-23 17:05:56 | WARNING  | __main__ - test: dropping 1902 samples with zero quality score in columns ['quality_score_lc', 'quality_score_ct'].
2026-03-23 17:05:56 | WARNING  | worldcereal.train.data - The following classes have fewer than 200 samples and will be removed for stratified splitting: ['water', 'wetlands']. Samples removed: 122
2026-03-23 17:05:57 | WARNING  | worldcereal.train.data - The following classes have fewer than 200 samples and will be removed for stratified splitting: ['millet', 'tobacco', 'groundnuts']. Samples removed: 101
2026-03-23 17:05:57 | WARNING  | __main__ - Removing 50 validation and 75 test samples with landcover classes ['water', 'wetlands'] removed from training split
2026-03-23 17:05:57 | WARNING  | __main__ - Removing 151 validation and 148 test samples with croptype classes ['millet', 'tobacco', 'groundnuts'] removed from training split
2026-03-23 17:05:57 | INFO     | __main__ - train sample_weight_lc stats: {'min': 0.3215478092432022, 'max': 1.0, 'mean': 0.9716174315265412}
2026-03-23 17:05:57 | INFO     | __main__ - val sample_weight_lc stats: {'min': 0.3362949633598328, 'max': 1.0, 'mean': 0.9768941778352194}
2026-03-23 17:05:57 | INFO     | __main__ - test sample_weight_lc stats: {'min': 0.3329178124666214, 'max': 1.0, 'mean': 0.9785021378101691}
2026-03-23 17:05:57 | INFO     | __main__ - train sample_weight_ct stats: {'min': 0.93, 'max': 1.0, 'mean': 0.9722007313876508}
2026-03-23 17:05:57 | INFO     | __main__ - val sample_weight_ct stats: {'min': 0.93, 'max': 1.0, 'mean': 0.9735716504773938}
2026-03-23 17:05:57 | INFO     | __main__ - test sample_weight_ct stats: {'min': 0.93, 'max': 1.0, 'mean': 0.972119617495615}
2026-03-23 17:06:01 | INFO     | worldcereal.train.datasets - Sensor masking enabled for this dataset with config: SensorMaskingConfig(enable=True, s1_full_dropout_prob=0.05, s1_timestep_dropout_prob=0.05, s2_cloud_timestep_prob=1.0, s2_cloud_block_prob=0.0, s2_cloud_block_min=2, s2_cloud_block_max=3, meteo_timestep_dropout_prob=1.0, dem_dropout_prob=0.01, seed=42)
2026-03-23 17:06:01 | INFO     | __main__ - Narrowed landcover head from 10 to 8 classes (dropped {'wetlands', 'water'})
2026-03-23 17:06:01 | INFO     | __main__ - Narrowed croptype head from 24 to 19 classes (dropped {'sugar_cane', 'cassava', 'groundnuts', 'millet', 'tobacco'})
2026-03-23 17:06:01 | INFO     | __main__ - Using seasonal head with landcover key LANDCOVER10 (8 classes) and croptype key CROPTYPE24 (19 classes)
2026-03-23 17:06:01 | INFO     | __main__ - Using loss function: SeasonalMultiTaskLoss()
2026-03-23 17:06:03 | INFO     | __main__ - Using constant LR 1.00e-02 for the first 3 epoch(s) while the encoder is frozen
2026-03-23 17:06:03 | INFO     | __main__ - LR schedule: head_lr=1.00e-02, full_lr=1.00e-03, head_only_epochs=3, warmup_epochs=2, warmup_start_factor=0.10, gamma=0.990
2026-03-23 17:06:03 | INFO     | worldcereal.train.datasets - Normalizing weights to mean = 1
2026-03-23 17:06:03 | INFO     | worldcereal.train.datasets - Clipping weights to range (0.1, 10.0)
2026-03-23 17:06:03 | INFO     | worldcereal.train.datasets - Normalizing weights to mean = 1
2026-03-23 17:06:03 | INFO     | worldcereal.train.datasets - Clipping weights to range (0.1, 10.0)
2026-03-23 17:06:03 | INFO     | worldcereal.train.datasets - DualHeadBatchSampler: N=327323, LC pool=327323, CT pool=150237, batch_size=4096 (LC half=2048, CT half=2048), num_batches=80
2026-03-23 17:06:03 | INFO     | worldcereal.train.datasets - DualHeadBatchSampler LC class distribution: Counter({'temporary_crops': 139498, 'permanent_crops': 92440, 'grasslands': 63352, 'temporary_grasses': 17843, 'trees': 11360, 'bare_sparsely_vegetated': 1749, 'built_up': 647, 'shrubland': 434})
2026-03-23 17:06:03 | INFO     | worldcereal.train.datasets - DualHeadBatchSampler CT class distribution: Counter({'wheat': 47867, 'barley': 20719, 'grass_fodder_crops': 17843, 'maize': 13776, 'oats': 10447, 'sunflower': 9315, 'dry_pulses_legumes': 4951, 'triticale': 4388, 'vegetables': 4314, 'potatoes': 3455, 'rye': 2713, 'no_crop': 2562, 'rapeseed_rape': 2160, 'rice': 1656, 'fibre_crops': 1202, 'beet': 949, 'other_oilseed': 903, 'soy_soybeans': 764, 'sorghum': 253})
2026-03-23 17:06:03 | INFO     | __main__ - Starting finetuning...
2026-03-23 17:06:03 | INFO     | prometheo.finetune - Using output dir: /marvin/projects/worldcereal/models/presto-prometheo-dualtask-SeasonalMultiTaskLoss-LC10-CT24-SouthernEurope-TwoSeasons-NoMeteoS2-month-augment=True-balance=True-timeexplicit=True-masking=enabled-noS2-noMETEO-run=202603231705
2026-03-23 17:06:03 | INFO     | worldcereal.train.finetuning_utils - TensorBoard logging enabled at /home/vito/butskoc/projects/worldcereal/models/presto-prometheo-dualtask-SeasonalMultiTaskLoss-LC10-CT24-SouthernEurope-TwoSeasons-NoMeteoS2-month-augment=True-balance=True-timeexplicit=True-masking=enabled-noS2-noMETEO-run=202603231705/tensorboard
2026-03-23 17:06:03 | INFO     | worldcereal.train.finetuning_utils - Freezing layer: backbone.encoder.pos_embed
2026-03-23 17:06:03 | INFO     | worldcereal.train.finetuning_utils - Freezing layer: backbone.encoder.eo_patch_embed.S1.weight
2026-03-23 17:06:03 | INFO     | worldcereal.train.finetuning_utils - Freezing layer: backbone.encoder.eo_patch_embed.S1.bias
2026-03-23 17:06:03 | INFO     | worldcereal.train.finetuning_utils - Freezing layer: backbone.encoder.eo_patch_embed.S2_RGB.weight
2026-03-23 17:06:03 | INFO     | worldcereal.train.finetuning_utils - Freezing layer: backbone.encoder.eo_patch_embed.S2_RGB.bias
2026-03-23 17:06:03 | INFO     | worldcereal.train.finetuning_utils - Freezing layer: backbone.encoder.eo_patch_embed.S2_Red_Edge.weight
2026-03-23 17:06:03 | INFO     | worldcereal.train.finetuning_utils - Freezing layer: backbone.encoder.eo_patch_embed.S2_Red_Edge.bias
2026-03-23 17:06:03 | INFO     | worldcereal.train.finetuning_utils - Freezing layer: backbone.encoder.eo_patch_embed.S2_NIR_10m.weight
2026-03-23 17:06:03 | INFO     | worldcereal.train.finetuning_utils - Freezing layer: backbone.encoder.eo_patch_embed.S2_NIR_10m.bias
2026-03-23 17:06:03 | INFO     | worldcereal.train.finetuning_utils - Freezing layer: backbone.encoder.eo_patch_embed.S2_NIR_20m.weight
2026-03-23 17:06:03 | INFO     | worldcereal.train.finetuning_utils - Freezing layer: backbone.encoder.eo_patch_embed.S2_NIR_20m.bias
2026-03-23 17:06:03 | INFO     | worldcereal.train.finetuning_utils - Freezing layer: backbone.encoder.eo_patch_embed.S2_SWIR.weight
2026-03-23 17:06:03 | INFO     | worldcereal.train.finetuning_utils - Freezing layer: backbone.encoder.eo_patch_embed.S2_SWIR.bias
2026-03-23 17:06:03 | INFO     | worldcereal.train.finetuning_utils - Freezing layer: backbone.encoder.eo_patch_embed.ERA5.weight
2026-03-23 17:06:03 | INFO     | worldcereal.train.finetuning_utils - Freezing layer: backbone.encoder.eo_patch_embed.ERA5.bias
2026-03-23 17:06:03 | INFO     | worldcereal.train.finetuning_utils - Freezing layer: backbone.encoder.eo_patch_embed.SRTM.weight
2026-03-23 17:06:03 | INFO     | worldcereal.train.finetuning_utils - Freezing layer: backbone.encoder.eo_patch_embed.SRTM.bias
2026-03-23 17:06:03 | INFO     | worldcereal.train.finetuning_utils - Freezing layer: backbone.encoder.eo_patch_embed.NDVI.weight
2026-03-23 17:06:03 | INFO     | worldcereal.train.finetuning_utils - Freezing layer: backbone.encoder.eo_patch_embed.NDVI.bias
2026-03-23 17:06:03 | INFO     | worldcereal.train.finetuning_utils - Freezing layer: backbone.encoder.dw_embed.weight
2026-03-23 17:06:03 | INFO     | worldcereal.train.finetuning_utils - Freezing layer: backbone.encoder.latlon_embed.weight
2026-03-23 17:06:03 | INFO     | worldcereal.train.finetuning_utils - Freezing layer: backbone.encoder.latlon_embed.bias
2026-03-23 17:06:03 | INFO     | worldcereal.train.finetuning_utils - Freezing layer: backbone.encoder.blocks.0.norm1.weight
2026-03-23 17:06:03 | INFO     | worldcereal.train.finetuning_utils - Freezing layer: backbone.encoder.blocks.0.norm1.bias
2026-03-23 17:06:03 | INFO     | worldcereal.train.finetuning_utils - Freezing layer: backbone.encoder.blocks.0.attn.qkv.weight
2026-03-23 17:06:03 | INFO     | worldcereal.train.finetuning_utils - Freezing layer: backbone.encoder.blocks.0.attn.qkv.bias
2026-03-23 17:06:03 | INFO     | worldcereal.train.finetuning_utils - Freezing layer: backbone.encoder.blocks.0.attn.proj.weight
2026-03-23 17:06:03 | INFO     | worldcereal.train.finetuning_utils - Freezing layer: backbone.encoder.blocks.0.attn.proj.bias
2026-03-23 17:06:03 | INFO     | worldcereal.train.finetuning_utils - Freezing layer: backbone.encoder.blocks.0.norm2.weight
2026-03-23 17:06:03 | INFO     | worldcereal.train.finetuning_utils - Freezing layer: backbone.encoder.blocks.0.norm2.bias
2026-03-23 17:06:03 | INFO     | worldcereal.train.finetuning_utils - Freezing layer: backbone.encoder.blocks.0.mlp.fc1.weight
2026-03-23 17:06:03 | INFO     | worldcereal.train.finetuning_utils - Freezing layer: backbone.encoder.blocks.0.mlp.fc1.bias
2026-03-23 17:06:03 | INFO     | worldcereal.train.finetuning_utils - Freezing layer: backbone.encoder.blocks.0.mlp.fc2.weight
2026-03-23 17:06:03 | INFO     | worldcereal.train.finetuning_utils - Freezing layer: backbone.encoder.blocks.0.mlp.fc2.bias
2026-03-23 17:06:03 | INFO     | worldcereal.train.finetuning_utils - Freezing layer: backbone.encoder.blocks.1.norm1.weight
2026-03-23 17:06:03 | INFO     | worldcereal.train.finetuning_utils - Freezing layer: backbone.encoder.blocks.1.norm1.bias
2026-03-23 17:06:03 | INFO     | worldcereal.train.finetuning_utils - Freezing layer: backbone.encoder.blocks.1.attn.qkv.weight
2026-03-23 17:06:03 | INFO     | worldcereal.train.finetuning_utils - Freezing layer: backbone.encoder.blocks.1.attn.qkv.bias
2026-03-23 17:06:03 | INFO     | worldcereal.train.finetuning_utils - Freezing layer: backbone.encoder.blocks.1.attn.proj.weight
2026-03-23 17:06:03 | INFO     | worldcereal.train.finetuning_utils - Freezing layer: backbone.encoder.blocks.1.attn.proj.bias
2026-03-23 17:06:03 | INFO     | worldcereal.train.finetuning_utils - Freezing layer: backbone.encoder.blocks.1.norm2.weight
2026-03-23 17:06:03 | INFO     | worldcereal.train.finetuning_utils - Freezing layer: backbone.encoder.blocks.1.norm2.bias
2026-03-23 17:06:03 | INFO     | worldcereal.train.finetuning_utils - Freezing layer: backbone.encoder.blocks.1.mlp.fc1.weight
2026-03-23 17:06:03 | INFO     | worldcereal.train.finetuning_utils - Freezing layer: backbone.encoder.blocks.1.mlp.fc1.bias
2026-03-23 17:06:03 | INFO     | worldcereal.train.finetuning_utils - Freezing layer: backbone.encoder.blocks.1.mlp.fc2.weight
2026-03-23 17:06:03 | INFO     | worldcereal.train.finetuning_utils - Freezing layer: backbone.encoder.blocks.1.mlp.fc2.bias
2026-03-23 17:06:03 | INFO     | worldcereal.train.finetuning_utils - Freezing layer: backbone.encoder.norm.weight
2026-03-23 17:06:03 | INFO     | worldcereal.train.finetuning_utils - Freezing layer: backbone.encoder.norm.bias
2026-03-23 17:06:03 | INFO     | worldcereal.train.finetuning_utils - Freezing layer: backbone.encoder.month_embed.weight
2026-03-23 17:06:03 | INFO     | worldcereal.train.finetuning_utils - Freezing layer: backbone.encoder.channel_embed.weight
2026-03-23 17:10:15 | INFO     | worldcereal.train.finetuning_utils - Epoch 1: improvement detected via loss=3.5580, lc_f1=0.2705, ct_f1=0.1226
2026-03-23 17:11:05 | INFO     | __main__ - Landcover summary (epoch001) on test set: macro F1=0.258, precision=0.399, recall=0.310
2026-03-23 17:11:05 | INFO     | __main__ - Croptype summary (epoch001) on test set: macro F1=0.156, precision=0.220, recall=0.275
2026-03-23 17:15:11 | INFO     | worldcereal.train.finetuning_utils - Epoch 2: improvement detected via loss=3.4469, lc_f1=0.3322, ct_f1=0.1497
2026-03-23 17:16:00 | INFO     | __main__ - Landcover summary (epoch002) on test set: macro F1=0.331, precision=0.523, recall=0.365
2026-03-23 17:16:01 | INFO     | __main__ - Croptype summary (epoch002) on test set: macro F1=0.177, precision=0.220, recall=0.290
2026-03-23 17:20:10 | INFO     | worldcereal.train.finetuning_utils - Epoch 3: improvement detected via ct_f1=0.1549
2026-03-23 17:20:10 | INFO     | worldcereal.train.finetuning_utils - Unfreezing layer: backbone.encoder.eo_patch_embed.S1.weight
2026-03-23 17:20:10 | INFO     | worldcereal.train.finetuning_utils - Unfreezing layer: backbone.encoder.eo_patch_embed.S1.bias
2026-03-23 17:20:10 | INFO     | worldcereal.train.finetuning_utils - Unfreezing layer: backbone.encoder.eo_patch_embed.S2_RGB.weight
2026-03-23 17:20:10 | INFO     | worldcereal.train.finetuning_utils - Unfreezing layer: backbone.encoder.eo_patch_embed.S2_RGB.bias
2026-03-23 17:20:10 | INFO     | worldcereal.train.finetuning_utils - Unfreezing layer: backbone.encoder.eo_patch_embed.S2_Red_Edge.weight
2026-03-23 17:20:10 | INFO     | worldcereal.train.finetuning_utils - Unfreezing layer: backbone.encoder.eo_patch_embed.S2_Red_Edge.bias
2026-03-23 17:20:10 | INFO     | worldcereal.train.finetuning_utils - Unfreezing layer: backbone.encoder.eo_patch_embed.S2_NIR_10m.weight
2026-03-23 17:20:10 | INFO     | worldcereal.train.finetuning_utils - Unfreezing layer: backbone.encoder.eo_patch_embed.S2_NIR_10m.bias
2026-03-23 17:20:10 | INFO     | worldcereal.train.finetuning_utils - Unfreezing layer: backbone.encoder.eo_patch_embed.S2_NIR_20m.weight
2026-03-23 17:20:10 | INFO     | worldcereal.train.finetuning_utils - Unfreezing layer: backbone.encoder.eo_patch_embed.S2_NIR_20m.bias
2026-03-23 17:20:10 | INFO     | worldcereal.train.finetuning_utils - Unfreezing layer: backbone.encoder.eo_patch_embed.S2_SWIR.weight
2026-03-23 17:20:10 | INFO     | worldcereal.train.finetuning_utils - Unfreezing layer: backbone.encoder.eo_patch_embed.S2_SWIR.bias
2026-03-23 17:20:10 | INFO     | worldcereal.train.finetuning_utils - Unfreezing layer: backbone.encoder.eo_patch_embed.ERA5.weight
2026-03-23 17:20:10 | INFO     | worldcereal.train.finetuning_utils - Unfreezing layer: backbone.encoder.eo_patch_embed.ERA5.bias
2026-03-23 17:20:10 | INFO     | worldcereal.train.finetuning_utils - Unfreezing layer: backbone.encoder.eo_patch_embed.SRTM.weight
2026-03-23 17:20:10 | INFO     | worldcereal.train.finetuning_utils - Unfreezing layer: backbone.encoder.eo_patch_embed.SRTM.bias
2026-03-23 17:20:10 | INFO     | worldcereal.train.finetuning_utils - Unfreezing layer: backbone.encoder.eo_patch_embed.NDVI.weight
2026-03-23 17:20:10 | INFO     | worldcereal.train.finetuning_utils - Unfreezing layer: backbone.encoder.eo_patch_embed.NDVI.bias
2026-03-23 17:20:10 | INFO     | worldcereal.train.finetuning_utils - Unfreezing layer: backbone.encoder.dw_embed.weight
2026-03-23 17:20:10 | INFO     | worldcereal.train.finetuning_utils - Unfreezing layer: backbone.encoder.latlon_embed.weight
2026-03-23 17:20:10 | INFO     | worldcereal.train.finetuning_utils - Unfreezing layer: backbone.encoder.latlon_embed.bias
2026-03-23 17:20:10 | INFO     | worldcereal.train.finetuning_utils - Unfreezing layer: backbone.encoder.blocks.0.norm1.weight
2026-03-23 17:20:10 | INFO     | worldcereal.train.finetuning_utils - Unfreezing layer: backbone.encoder.blocks.0.norm1.bias
2026-03-23 17:20:10 | INFO     | worldcereal.train.finetuning_utils - Unfreezing layer: backbone.encoder.blocks.0.attn.qkv.weight
2026-03-23 17:20:10 | INFO     | worldcereal.train.finetuning_utils - Unfreezing layer: backbone.encoder.blocks.0.attn.qkv.bias
2026-03-23 17:20:10 | INFO     | worldcereal.train.finetuning_utils - Unfreezing layer: backbone.encoder.blocks.0.attn.proj.weight
2026-03-23 17:20:10 | INFO     | worldcereal.train.finetuning_utils - Unfreezing layer: backbone.encoder.blocks.0.attn.proj.bias
2026-03-23 17:20:10 | INFO     | worldcereal.train.finetuning_utils - Unfreezing layer: backbone.encoder.blocks.0.norm2.weight
2026-03-23 17:20:10 | INFO     | worldcereal.train.finetuning_utils - Unfreezing layer: backbone.encoder.blocks.0.norm2.bias
2026-03-23 17:20:10 | INFO     | worldcereal.train.finetuning_utils - Unfreezing layer: backbone.encoder.blocks.0.mlp.fc1.weight
2026-03-23 17:20:10 | INFO     | worldcereal.train.finetuning_utils - Unfreezing layer: backbone.encoder.blocks.0.mlp.fc1.bias
2026-03-23 17:20:10 | INFO     | worldcereal.train.finetuning_utils - Unfreezing layer: backbone.encoder.blocks.0.mlp.fc2.weight
2026-03-23 17:20:10 | INFO     | worldcereal.train.finetuning_utils - Unfreezing layer: backbone.encoder.blocks.0.mlp.fc2.bias
2026-03-23 17:20:10 | INFO     | worldcereal.train.finetuning_utils - Unfreezing layer: backbone.encoder.blocks.1.norm1.weight
2026-03-23 17:20:10 | INFO     | worldcereal.train.finetuning_utils - Unfreezing layer: backbone.encoder.blocks.1.norm1.bias
2026-03-23 17:20:10 | INFO     | worldcereal.train.finetuning_utils - Unfreezing layer: backbone.encoder.blocks.1.attn.qkv.weight
2026-03-23 17:20:10 | INFO     | worldcereal.train.finetuning_utils - Unfreezing layer: backbone.encoder.blocks.1.attn.qkv.bias
2026-03-23 17:20:10 | INFO     | worldcereal.train.finetuning_utils - Unfreezing layer: backbone.encoder.blocks.1.attn.proj.weight
2026-03-23 17:20:10 | INFO     | worldcereal.train.finetuning_utils - Unfreezing layer: backbone.encoder.blocks.1.attn.proj.bias
2026-03-23 17:20:10 | INFO     | worldcereal.train.finetuning_utils - Unfreezing layer: backbone.encoder.blocks.1.norm2.weight
2026-03-23 17:20:10 | INFO     | worldcereal.train.finetuning_utils - Unfreezing layer: backbone.encoder.blocks.1.norm2.bias
2026-03-23 17:20:10 | INFO     | worldcereal.train.finetuning_utils - Unfreezing layer: backbone.encoder.blocks.1.mlp.fc1.weight
2026-03-23 17:20:10 | INFO     | worldcereal.train.finetuning_utils - Unfreezing layer: backbone.encoder.blocks.1.mlp.fc1.bias
2026-03-23 17:20:10 | INFO     | worldcereal.train.finetuning_utils - Unfreezing layer: backbone.encoder.blocks.1.mlp.fc2.weight
2026-03-23 17:20:10 | INFO     | worldcereal.train.finetuning_utils - Unfreezing layer: backbone.encoder.blocks.1.mlp.fc2.bias
2026-03-23 17:20:10 | INFO     | worldcereal.train.finetuning_utils - Unfreezing layer: backbone.encoder.norm.weight
2026-03-23 17:20:10 | INFO     | worldcereal.train.finetuning_utils - Unfreezing layer: backbone.encoder.norm.bias
2026-03-23 17:20:10 | INFO     | worldcereal.train.finetuning_utils - Unfreezing layer: backbone.encoder.channel_embed.weight
2026-03-23 17:20:10 | INFO     | worldcereal.train.finetuning_utils - Patience counter reset at encoder unfreeze (epoch 4): was 0/20.
2026-03-23 17:23:58 | INFO     | worldcereal.train.finetuning_utils - Epoch 4: improvement detected via loss=3.3973, lc_f1=0.3493, ct_f1=0.2601
2026-03-23 17:24:41 | INFO     | __main__ - Landcover summary (epoch004) on test set: macro F1=0.376, precision=0.525, recall=0.448
2026-03-23 17:24:41 | INFO     | __main__ - Croptype summary (epoch004) on test set: macro F1=0.285, precision=0.303, recall=0.403
2026-03-23 17:28:28 | INFO     | worldcereal.train.finetuning_utils - Epoch 5: improvement detected via lc_f1=0.3760, ct_f1=0.3113
2026-03-23 17:32:22 | INFO     | worldcereal.train.finetuning_utils - Epoch 6: improvement detected via loss=3.0250, lc_f1=0.4480, ct_f1=0.3607
2026-03-23 17:33:06 | INFO     | __main__ - Landcover summary (epoch006) on test set: macro F1=0.453, precision=0.574, recall=0.527
2026-03-23 17:33:06 | INFO     | __main__ - Croptype summary (epoch006) on test set: macro F1=0.371, precision=0.449, recall=0.467
2026-03-23 17:40:37 | INFO     | worldcereal.train.finetuning_utils - Epoch 8: improvement detected via ct_f1=0.4086
2026-03-23 17:44:25 | INFO     | worldcereal.train.finetuning_utils - Epoch 9: improvement detected via loss=3.0057, ct_f1=0.4127
2026-03-23 17:45:09 | INFO     | __main__ - Landcover summary (epoch009) on test set: macro F1=0.429, precision=0.562, recall=0.518
2026-03-23 17:45:10 | INFO     | __main__ - Croptype summary (epoch009) on test set: macro F1=0.424, precision=0.467, recall=0.498
2026-03-23 17:49:04 | INFO     | worldcereal.train.finetuning_utils - Epoch 10: improvement detected via ct_f1=0.4159
2026-03-23 17:53:00 | INFO     | worldcereal.train.finetuning_utils - Epoch 11: improvement detected via loss=2.9088, ct_f1=0.4440
2026-03-23 17:53:39 | INFO     | __main__ - Landcover summary (epoch011) on test set: macro F1=0.428, precision=0.576, recall=0.528
2026-03-23 17:53:40 | INFO     | __main__ - Croptype summary (epoch011) on test set: macro F1=0.448, precision=0.509, recall=0.508
2026-03-23 17:57:26 | INFO     | worldcereal.train.finetuning_utils - Epoch 12: improvement detected via loss=2.7080, ct_f1=0.4458
2026-03-23 17:58:09 | INFO     | __main__ - Landcover summary (epoch012) on test set: macro F1=0.445, precision=0.582, recall=0.516
2026-03-23 17:58:10 | INFO     | __main__ - Croptype summary (epoch012) on test set: macro F1=0.452, precision=0.518, recall=0.496
2026-03-23 18:09:39 | INFO     | worldcereal.train.finetuning_utils - Epoch 15: improvement detected via ct_f1=0.4618
2026-03-23 18:21:01 | INFO     | worldcereal.train.finetuning_utils - Epoch 18: improvement detected via ct_f1=0.4681
2026-03-23 18:59:07 | INFO     | worldcereal.train.finetuning_utils - Epoch 28: improvement detected via loss=2.5610
2026-03-23 18:59:52 | INFO     | __main__ - Landcover summary (epoch028) on test set: macro F1=0.468, precision=0.574, recall=0.526
2026-03-23 18:59:53 | INFO     | __main__ - Croptype summary (epoch028) on test set: macro F1=0.433, precision=0.544, recall=0.441
2026-03-23 19:03:43 | INFO     | worldcereal.train.finetuning_utils - Epoch 29: improvement detected via loss=2.4920, ct_f1=0.4698
2026-03-23 19:04:28 | INFO     | __main__ - Landcover summary (epoch029) on test set: macro F1=0.476, precision=0.575, recall=0.564
2026-03-23 19:04:28 | INFO     | __main__ - Croptype summary (epoch029) on test set: macro F1=0.448, precision=0.550, recall=0.457
2026-03-23 19:19:44 | INFO     | worldcereal.train.finetuning_utils - Epoch 33: improvement detected via loss=2.4507, lc_f1=0.4639, ct_f1=0.4755
2026-03-23 19:20:26 | INFO     | __main__ - Landcover summary (epoch033) on test set: macro F1=0.503, precision=0.566, recall=0.555
2026-03-23 19:20:26 | INFO     | __main__ - Croptype summary (epoch033) on test set: macro F1=0.454, precision=0.552, recall=0.460
2026-03-23 19:35:40 | INFO     | worldcereal.train.finetuning_utils - Epoch 37: improvement detected via loss=2.3734
2026-03-23 19:36:23 | INFO     | __main__ - Landcover summary (epoch037) on test set: macro F1=0.489, precision=0.569, recall=0.533
2026-03-23 19:36:23 | INFO     | __main__ - Croptype summary (epoch037) on test set: macro F1=0.435, precision=0.551, recall=0.435
2026-03-23 19:40:16 | INFO     | worldcereal.train.finetuning_utils - Epoch 38: improvement detected via loss=2.3368, lc_f1=0.4746, ct_f1=0.4885
2026-03-23 19:40:58 | INFO     | __main__ - Landcover summary (epoch038) on test set: macro F1=0.498, precision=0.553, recall=0.551
2026-03-23 19:40:59 | INFO     | __main__ - Croptype summary (epoch038) on test set: macro F1=0.473, precision=0.576, recall=0.465
2026-03-23 20:00:32 | INFO     | worldcereal.train.finetuning_utils - Epoch 43: improvement detected via lc_f1=0.4773
2026-03-23 21:09:28 | INFO     | worldcereal.train.finetuning_utils - Epoch 61: improvement detected via ct_f1=0.4914
2026-03-23 22:26:19 | INFO     | worldcereal.train.finetuning_utils - Early stopping!
2026-03-23 22:26:19 | INFO     | __main__ - Saved run configuration to /home/vito/butskoc/projects/worldcereal/models/presto-prometheo-dualtask-SeasonalMultiTaskLoss-LC10-CT24-SouthernEurope-TwoSeasons-NoMeteoS2-month-augment=True-balance=True-timeexplicit=True-masking=enabled-noS2-noMETEO-run=202603231705/run_config.json
2026-03-23 22:26:19 | INFO     | __main__ - Saved head manifest to /home/vito/butskoc/projects/worldcereal/models/presto-prometheo-dualtask-SeasonalMultiTaskLoss-LC10-CT24-SouthernEurope-TwoSeasons-NoMeteoS2-month-augment=True-balance=True-timeexplicit=True-masking=enabled-noS2-noMETEO-run=202603231705/head_manifest.json
2026-03-23 22:27:02 | INFO     | __main__ - Landcover summary (FINAL) on test set: macro F1=0.498, precision=0.553, recall=0.551
2026-03-23 22:27:02 | INFO     | __main__ - Croptype summary (FINAL) on test set: macro F1=0.473, precision=0.576, recall=0.465
2026-03-23 22:27:03 | INFO     | __main__ - Packaged presto-prometheo-dualtask-SeasonalMultiTaskLoss-LC10-CT24-SouthernEurope-TwoSeasons-NoMeteoS2-month-augment=True-balance=True-timeexplicit=True-masking=enabled-noS2-noMETEO-run=202603231705.pt and presto-prometheo-dualtask-SeasonalMultiTaskLoss-LC10-CT24-SouthernEurope-TwoSeasons-NoMeteoS2-month-augment=True-balance=True-timeexplicit=True-masking=enabled-noS2-noMETEO-run=202603231705_encoder.pt into /home/vito/butskoc/projects/worldcereal/models/presto-prometheo-dualtask-SeasonalMultiTaskLoss-LC10-CT24-SouthernEurope-TwoSeasons-NoMeteoS2-month-augment=True-balance=True-timeexplicit=True-masking=enabled-noS2-noMETEO-run=202603231705/presto-prometheo-dualtask-SeasonalMultiTaskLoss-LC10-CT24-SouthernEurope-TwoSeasons-NoMeteoS2-month-augment=True-balance=True-timeexplicit=True-masking=enabled-noS2-noMETEO-run=202603231705.zip
2026-03-23 22:27:03 | INFO     | __main__ - Finetuning completed!
